2021-03-07 08:29:30 : /admin/fileman2/php/upload.php
2021-03-07 08:29:30 : /Applications/XAMPP/xamppfiles/htdocs/edenblue.frthumbs/piscine_miroir_en_beton_et_revet.jpg
2021-03-07 08:29:30 : /admin/fileman2/php/upload.php
2021-03-07 08:29:30 : /Applications/XAMPP/xamppfiles/htdocs/edenblue.frthumbs/piscine_miroir_en_beton_et_revet - Copy 1.jpg
2021-03-07 08:29:30 : /admin/fileman2/php/upload.php
2021-03-07 08:29:30 : /Applications/XAMPP/xamppfiles/htdocs/edenblue.frthumbs/piscine_miroir_en_beton_et_revet - Copy 2.jpg
2021-03-07 08:29:30 : /admin/fileman2/php/upload.php
2021-03-07 08:29:30 : /Applications/XAMPP/xamppfiles/htdocs/edenblue.frthumbs/piscine_miroir_en_beton_et_revet - Copy 3.jpg
2021-03-07 08:29:31 : /admin/fileman2/php/upload.php
2021-03-07 08:29:31 : /Applications/XAMPP/xamppfiles/htdocs/edenblue.frthumbs/piscine_miroir_en_beton_et_revet - Copy 4.jpg
2021-03-07 08:29:32 : /admin/fileman2/php/upload.php
2021-03-07 08:29:32 : /Applications/XAMPP/xamppfiles/htdocs/edenblue.frthumbs/piscine_miroir_en_beton_et_revet - Copy 5.jpg
2021-03-07 08:29:32 : /admin/fileman2/php/upload.php
2021-03-07 08:29:32 : /Applications/XAMPP/xamppfiles/htdocs/edenblue.frthumbs/piscine_miroir_en_beton_et_revet - Copy 6.jpg
2021-03-07 08:29:32 : /admin/fileman2/php/upload.php
2021-03-07 08:29:32 : /Applications/XAMPP/xamppfiles/htdocs/edenblue.frthumbs/piscine_miroir_en_beton_et_revet - Copy 7.jpg
2021-03-07 08:29:32 : /admin/fileman2/php/upload.php
2021-03-07 08:29:32 : /Applications/XAMPP/xamppfiles/htdocs/edenblue.frthumbs/piscine_miroir_en_beton_et_revet - Copy 8.jpg
2021-03-07 08:29:32 : /admin/fileman2/php/upload.php
2021-03-07 08:29:32 : /Applications/XAMPP/xamppfiles/htdocs/edenblue.frthumbs/piscine_miroir_en_beton_et_revet - Copy 9.jpg
2021-03-07 08:29:33 : /admin/fileman2/php/upload.php
2021-03-07 08:29:33 : /Applications/XAMPP/xamppfiles/htdocs/edenblue.frthumbs/piscine_miroir_en_beton_et_revet - Copy 10.jpg
2021-03-07 08:29:34 : /admin/fileman2/php/upload.php
2021-03-07 08:29:34 : /Applications/XAMPP/xamppfiles/htdocs/edenblue.frthumbs/piscine_miroir_en_beton_et_revet - Copy 11.jpg
2021-03-07 08:29:34 : /admin/fileman2/php/upload.php
2021-03-07 08:29:34 : /Applications/XAMPP/xamppfiles/htdocs/edenblue.frthumbs/piscine_miroir_en_beton_et_revet - Copy 12.jpg
2021-03-07 08:29:55 : /admin/fileman2/php/upload.php
2021-03-07 08:29:55 : /Applications/XAMPP/xamppfiles/htdocs/edenblue.frthumbs/piscine_inte_rieur_beton_et_reve.jpg
2021-03-07 08:29:55 : /admin/fileman2/php/upload.php
2021-03-07 08:29:55 : /Applications/XAMPP/xamppfiles/htdocs/edenblue.frthumbs/piscine_inte_rieur_beton_et_reve - Copy 1.jpg
2021-03-07 08:29:56 : /admin/fileman2/php/upload.php
2021-03-07 08:29:56 : /Applications/XAMPP/xamppfiles/htdocs/edenblue.frthumbs/piscine_inte_rieur_beton_et_reve - Copy 2.jpg
2021-03-07 08:29:56 : /admin/fileman2/php/upload.php
2021-03-07 08:29:56 : /Applications/XAMPP/xamppfiles/htdocs/edenblue.frthumbs/piscine_inte_rieur_beton_et_reve - Copy 3.jpg
2021-03-07 08:29:57 : /admin/fileman2/php/upload.php
2021-03-07 08:29:57 : /Applications/XAMPP/xamppfiles/htdocs/edenblue.frthumbs/piscine_inte_rieur_beton_et_reve - Copy 4.jpg
2021-03-07 08:30:26 : /admin/fileman2/php/upload.php
2021-03-07 08:30:26 : /Applications/XAMPP/xamppfiles/htdocs/edenblue.frthumbs/piscine_miroir_en_beton_et_revet.jpg
2021-03-07 08:30:26 : /admin/fileman2/php/upload.php
2021-03-07 08:30:26 : /Applications/XAMPP/xamppfiles/htdocs/edenblue.frthumbs/piscine_miroir_en_beton_et_revet - Copy 1.jpg
2021-03-07 08:30:26 : /admin/fileman2/php/upload.php
2021-03-07 08:30:26 : /Applications/XAMPP/xamppfiles/htdocs/edenblue.frthumbs/piscine_miroir_en_beton_et_revet - Copy 2.jpg
2021-03-07 08:30:26 : /admin/fileman2/php/upload.php
2021-03-07 08:30:26 : /Applications/XAMPP/xamppfiles/htdocs/edenblue.frthumbs/piscine_miroir_en_beton_et_revet - Copy 3.jpg
2021-03-07 08:30:27 : /admin/fileman2/php/upload.php
2021-03-07 08:30:27 : /Applications/XAMPP/xamppfiles/htdocs/edenblue.frthumbs/piscine_miroir_en_beton_et_revet - Copy 4.jpg
2021-03-07 08:30:27 : /admin/fileman2/php/upload.php
2021-03-07 08:30:27 : /Applications/XAMPP/xamppfiles/htdocs/edenblue.frthumbs/piscine_miroir_en_beton_et_revet - Copy 5.jpg
2021-03-07 08:30:28 : /admin/fileman2/php/upload.php
2021-03-07 08:30:28 : /Applications/XAMPP/xamppfiles/htdocs/edenblue.frthumbs/piscine_miroir_en_beton_et_revet - Copy 6.jpg
2021-03-07 08:30:28 : /admin/fileman2/php/upload.php
2021-03-07 08:30:28 : /Applications/XAMPP/xamppfiles/htdocs/edenblue.frthumbs/piscine_miroir_en_beton_et_revet - Copy 7.jpg
2021-03-07 08:30:28 : /admin/fileman2/php/upload.php
2021-03-07 08:30:28 : /Applications/XAMPP/xamppfiles/htdocs/edenblue.frthumbs/piscine_miroir_en_beton_et_revet - Copy 8.jpg
2021-03-07 08:30:28 : /admin/fileman2/php/upload.php
2021-03-07 08:30:28 : /Applications/XAMPP/xamppfiles/htdocs/edenblue.frthumbs/piscine_miroir_en_beton_et_revet - Copy 9.jpg
2021-03-07 08:30:28 : /admin/fileman2/php/upload.php
2021-03-07 08:30:28 : /Applications/XAMPP/xamppfiles/htdocs/edenblue.frthumbs/piscine_miroir_en_beton_et_revet - Copy 10.jpg
2021-03-07 08:30:29 : /admin/fileman2/php/upload.php
2021-03-07 08:30:29 : /Applications/XAMPP/xamppfiles/htdocs/edenblue.frthumbs/piscine_miroir_en_beton_et_revet - Copy 11.jpg
2021-03-07 08:30:30 : /admin/fileman2/php/upload.php
2021-03-07 08:30:30 : /Applications/XAMPP/xamppfiles/htdocs/edenblue.frthumbs/piscine_miroir_en_beton_et_revet - Copy 12.jpg
2021-03-07 08:39:56 : /admin/fileman2/php/upload.php
2021-03-07 08:39:56 : /Applications/XAMPP/xamppfiles/htdocs/edenblue.frthumbs/file.jpg
2021-03-07 08:39:56 : /admin/fileman2/php/upload.php
2021-03-07 08:39:56 : /Applications/XAMPP/xamppfiles/htdocs/edenblue.frthumbs/file - Copy 1.jpg
2021-03-07 08:39:57 : /admin/fileman2/php/upload.php
2021-03-07 08:39:57 : /Applications/XAMPP/xamppfiles/htdocs/edenblue.frthumbs/file - Copy 2.jpg
2021-03-07 08:39:58 : /admin/fileman2/php/upload.php
2021-03-07 08:39:58 : /Applications/XAMPP/xamppfiles/htdocs/edenblue.frthumbs/file - Copy 3.jpg
2021-03-07 08:39:59 : /admin/fileman2/php/upload.php
2021-03-07 08:39:59 : /Applications/XAMPP/xamppfiles/htdocs/edenblue.frthumbs/file - Copy 4.jpg
2021-03-07 08:40:43 : /admin/fileman2/php/upload.php
2021-03-07 08:40:43 : /Applications/XAMPP/xamppfiles/htdocs/edenblue.frthumbs/piscine_inte_rieur_beton_et_reve.jpg
2021-03-07 08:40:44 : /admin/fileman2/php/upload.php
2021-03-07 08:40:44 : /Applications/XAMPP/xamppfiles/htdocs/edenblue.frthumbs/piscine_inte_rieur_beton_et_reve - Copy 1.jpg
2021-03-07 08:40:45 : /admin/fileman2/php/upload.php
2021-03-07 08:40:45 : /Applications/XAMPP/xamppfiles/htdocs/edenblue.frthumbs/piscine_inte_rieur_beton_et_reve - Copy 2.jpg
2021-03-07 08:40:46 : /admin/fileman2/php/upload.php
2021-03-07 08:40:46 : /Applications/XAMPP/xamppfiles/htdocs/edenblue.frthumbs/piscine_inte_rieur_beton_et_reve - Copy 3.jpg
2021-03-07 08:40:47 : /admin/fileman2/php/upload.php
2021-03-07 08:40:47 : /Applications/XAMPP/xamppfiles/htdocs/edenblue.frthumbs/piscine_inte_rieur_beton_et_reve - Copy 4.jpg
2021-03-07 08:42:44 : /admin/fileman2/php/upload.php
2021-03-07 08:42:44 : /Applications/XAMPP/xamppfiles/htdocs/edenblue.frthumbs/piscine_inte_rieur_beton_et_reve.jpg
2021-03-07 08:43:14 : /admin/fileman2/php/upload.php
2021-03-07 08:43:14 : /Applications/XAMPP/xamppfiles/htdocs/edenblue.frthumbs/piscine_inte_rieur_beton_et_reve.fr.jpg
2021-03-07 08:43:52 : /admin/fileman2/php/upload.php
2021-03-07 08:43:52 : /Applications/XAMPP/xamppfiles/htdocs/edenblue.frthumbs/piscine_inte_rieur_beton_et_reve.jpg
2021-03-07 08:46:44 : /admin/fileman2/php/upload.php
2021-03-07 08:46:44 : /Applications/XAMPP/xamppfiles/htdocs/edenblue.frthumbs/piscine_inte_rieur_beton_et_reve.jpg
2021-03-07 08:47:04 : /admin/fileman2/php/upload.php
2021-03-07 08:47:04 : /Applications/XAMPP/xamppfiles/htdocs/edenblue.frthumbs/piscine_inte_rieur_beton_et_reve - Copy 1.jpg
2021-03-07 09:55:53 Erreur:XXXXXX 
2021-03-07 09:56:16 Erreur:XXXXXX 
2021-03-07 08:58:05 : /admin/fileman2/php/upload.php
2021-03-07 08:58:05 : /Applications/XAMPP/xamppfiles/htdocs/edenblue.frthumbs/piscine_inte_rieur_beton_et_reve - Copy 2.jpg
2021-03-07 08:58:32 Erreur:XXXXXX 
2021-03-07 08:58:33 : /admin/fileman2/php/upload.php
2021-03-07 08:58:33 : /Applications/XAMPP/xamppfiles/htdocs/edenblue.frthumbs/piscine_inte_rieur_beton_et_reve - Copy 3.jpg
2021-03-07 08:59:03 Erreur: piscine intérieur beton et revetement enduit  5_EdenBlue.fr
2021-03-07 08:59:04 : /admin/fileman2/php/upload.php
2021-03-07 08:59:04 : /Applications/XAMPP/xamppfiles/htdocs/edenblue.frthumbs/piscine_inte_rieur_beton_et_reve - Copy 4.jpg
2021-03-07 09:00:10 Erreur: piscine intérieur beton et revetement enduit 9_EdenBlue.fr
2021-03-07 09:00:11 : /admin/fileman2/php/upload.php
2021-03-07 09:00:11 : /Applications/XAMPP/xamppfiles/htdocs/edenblue.frthumbs/piscine_inte_rieur_beton_et_reve.jpg
2021-03-07 09:01:27 : /admin/fileman2/php/upload.php
2021-03-07 09:01:27 : /Applications/XAMPP/xamppfiles/htdocs/edenblue.frthumbs/piscine_inte_rieur_beton_et_reve - Copy 1.jpg
2021-03-07 09:01:27 : /admin/fileman2/php/upload.php
2021-03-07 09:01:27 : /Applications/XAMPP/xamppfiles/htdocs/edenblue.frthumbs/piscine_inte_rieur_beton_et_reve - Copy 2.jpg
2021-03-07 09:01:28 : /admin/fileman2/php/upload.php
2021-03-07 09:01:28 : /Applications/XAMPP/xamppfiles/htdocs/edenblue.frthumbs/piscine_inte_rieur_beton_et_reve - Copy 3.jpg
2021-03-07 09:01:29 : /admin/fileman2/php/upload.php
2021-03-07 09:01:29 : /Applications/XAMPP/xamppfiles/htdocs/edenblue.frthumbs/piscine_inte_rieur_beton_et_reve - Copy 4.jpg
2021-03-07 09:01:30 : /admin/fileman2/php/upload.php
2021-03-07 09:01:30 : /Applications/XAMPP/xamppfiles/htdocs/edenblue.frthumbs/piscine_inte_rieur_beton_et_reve - Copy 5.jpg
2021-03-11 08:57:24 : 
2021-03-11 08:57:24 : 
2021-03-11 08:57:24 : fjavi.gonzalez@gmail.com
2021-03-11 08:57:24 : dsqsdqsd
2021-03-11 08:57:24 : sendMail
2021-03-11 08:57:24 : 
2021-03-11 08:57:24 Erreur: Erreur Mysql INSERT INTO  .`goldbook`
						(`date`, `nom`, `email`, `message`,`online`)
						VALUES (
						'--',
						'',
						'fjavi.gonzalez@gmail.com',
						'dsqsdqsd',
						0
					);
2021-03-11 08:57:28 : 
2021-03-11 08:57:28 : 
2021-03-11 08:57:28 : fjavi.gonzalez@gmail.com
2021-03-11 08:57:28 : dsqsdqsd
2021-03-11 08:57:28 : sendMail
2021-03-11 08:57:28 : 
2021-03-11 08:57:28 Erreur: Erreur Mysql INSERT INTO  .`goldbook`
						(`date`, `nom`, `email`, `message`,`online`)
						VALUES (
						'--',
						'',
						'fjavi.gonzalez@gmail.com',
						'dsqsdqsd',
						0
					);
2021-03-11 08:58:52 : 
2021-03-11 08:58:52 : 
2021-03-11 08:58:52 : fjavi.gonzalez@gmail.com
2021-03-11 08:58:52 : dzf
2021-03-11 08:58:52 : sendMail
2021-03-11 08:58:52 : 
2021-03-11 08:58:52 Erreur: Erreur Mysql INSERT INTO  .`goldbook`
						(`date`, `nom`, `email`, `message`,`online`)
						VALUES (
						'--',
						'',
						'fjavi.gonzalez@gmail.com',
						'dzf',
						0
					);
2021-03-11 08:59:38 : 
2021-03-11 08:59:38 : 
2021-03-11 08:59:38 : fjavi.gonzalez@gmail.com
2021-03-11 08:59:38 : dcsdfsdf
2021-03-11 08:59:38 : sendMail
2021-03-11 08:59:38 : 
2021-03-11 08:59:38 Erreur: Erreur Mysql INSERT INTO  .`goldbook`
						(`date`, `nom`, `email`, `message`,`online`)
						VALUES (
						'--',
						'',
						'fjavi.gonzalez@gmail.com',
						'dcsdfsdf',
						0
					);
2021-03-11 09:00:01 : 
2021-03-11 09:00:01 : 
2021-03-11 09:00:01 : fjavi.gonzalez@gmail.com
2021-03-11 09:00:01 : dcsdfsdf
2021-03-11 09:00:01 : sendMail
2021-03-11 09:00:01 : 
2021-03-11 09:00:01 Erreur: Erreur Mysql INSERT INTO  .`goldbook`
						(`date`, `nom`, `email`, `message`,`online`)
						VALUES (
						'--',
						'',
						'fjavi.gonzalez@gmail.com',
						'dcsdfsdf',
						0
					);
2021-03-11 09:00:07 : 
2021-03-11 09:00:07 : 
2021-03-11 09:00:07 : fjavi.gonzalez@gmail.com
2021-03-11 09:00:07 : dcsdf
2021-03-11 09:00:07 : sendMail
2021-03-11 09:00:07 : 
2021-03-11 09:00:07 Erreur: Erreur Mysql INSERT INTO  .`goldbook`
						(`date`, `nom`, `email`, `message`,`online`)
						VALUES (
						'--',
						'',
						'fjavi.gonzalez@gmail.com',
						'dcsdf',
						0
					);
2021-03-11 09:07:13 : 11/03/2021
2021-03-11 09:07:13 : 
2021-03-11 09:07:13 : fjavi.gonzalez@gmail.com
2021-03-11 09:07:13 : zzzz
2021-03-11 09:07:13 : sendMail
2021-03-11 09:07:13 : 
2021-03-11 09:07:13 : Message envoyé ! 
2021-03-11 09:07:13 xxxxxxxxxxxxxxxxxxxxxxxxxxxxxxxxxxxxxxxxxxxx  
2021-03-11 09:15:14 : 11/03/2021
2021-03-11 09:15:14 : 
2021-03-11 09:15:14 : fjavi.gonzalez@gmail.com
2021-03-11 09:15:14 : zzzz
2021-03-11 09:15:14 : sendMail
2021-03-11 09:15:14 : 
2021-03-11 09:15:14 : Message envoyé ! 
2021-03-11 09:15:14 xxxxxxxxxxxxxxxxxxxxxxxxxxxxxxxxxxxxxxxxxxxx  
2021-03-11 09:15:44 : 11/03/2021
2021-03-11 09:15:44 : 
2021-03-11 09:15:44 : fjavi.gonzalez@gmail.com
2021-03-11 09:15:45 : sdgsd 
2021-03-11 09:15:45 : sendMail
2021-03-11 09:15:45 : 
2021-03-11 09:15:45 : Message envoyé ! 
2021-03-11 09:15:45 xxxxxxxxxxxxxxxxxxxxxxxxxxxxxxxxxxxxxxxxxxxx  
2021-03-11 09:16:05 : 11/03/2021
2021-03-11 09:16:05 : 
2021-03-11 09:16:05 : fjavi.gonzalez@gmail.com
2021-03-11 09:16:05 : sdgsd 
2021-03-11 09:16:05 : sendMail
2021-03-11 09:16:05 : 
2021-03-11 09:16:05 : Message envoyé ! 
2021-03-11 09:16:05 xxxxxxxxxxxxxxxxxxxxxxxxxxxxxxxxxxxxxxxxxxxx  
2021-03-11 09:17:25 : 11/03/2021
2021-03-11 09:17:25 : 
2021-03-11 09:17:25 : fjavi.gonzalez@gmail.com
2021-03-11 09:17:25 : xcddd
2021-03-11 09:17:25 : sendMail
2021-03-11 09:17:25 : 
2021-03-11 09:17:25 : Message envoyé ! 
2021-03-11 09:17:25 xxxxxxxxxxxxxxxxxxxxxxxxxxxxxxxxxxxxxxxxxxxx  
2021-03-11 09:19:51 : ----GOLDBOOK---- 
2021-03-11 09:19:51 : 11/03/2021
2021-03-11 09:19:51 : GONZALEZ
2021-03-11 09:19:51 : Javier
2021-03-11 09:19:51 : fjavi.gonzalez@gmail.com
2021-03-11 09:19:51 : xcddd
2021-03-11 09:19:51 : sendMail
2021-03-11 09:19:51 : 
2021-03-11 09:19:51 : Message envoyé ! 
2021-03-11 09:19:51 xxxxxxxxxxxxxxxxxxxxxxxxxxxxxxxxxxxxxxxxxxxx  
2021-03-11 09:21:01 : ----GOLDBOOK---- 
2021-03-11 09:21:01 : 11/03/2021
2021-03-11 09:21:01 : GONZALEZ
2021-03-11 09:21:01 : Javier
2021-03-11 09:21:01 : fjavi.gonzalez@gmail.com
2021-03-11 09:21:01 : xcddd
2021-03-11 09:21:01 : sendMail
2021-03-11 09:21:01 : 
2021-03-11 09:21:01 : Message envoyé ! 
2021-03-11 09:21:01 xxxxxxxxxxxxxxxxxxxxxxxxxxxxxxxxxxxxxxxxxxxx  
2021-03-11 09:22:57 : ----GOLDBOOK---- 
2021-03-11 09:22:57 : 11/03/2021
2021-03-11 09:22:57 : GONZALEZ
2021-03-11 09:22:57 : Javier
2021-03-11 09:22:57 : fjavi.gonzalez@mail.com
2021-03-11 09:22:57 : xcddd
2021-03-11 09:22:57 : sendMail
2021-03-11 09:22:57 : 
2021-03-11 09:22:57 : Message envoyé ! 
2021-03-11 09:22:57 xxxxxxxxxxxxxxxxxxxxxxxxxxxxxxxxxxxxxxxxxxxx  
2021-03-11 09:24:53 : ----GOLDBOOK---- 
2021-03-11 09:24:53 : 11/03/2021
2021-03-11 09:24:53 : AlVAREZ
2021-03-11 09:24:53 : Isabel
2021-03-11 09:24:53 : fjavnzalez@gmail.com
2021-03-11 09:24:53 : C'est un test de message 
2021-03-11 09:24:53 : sendMail
2021-03-11 09:24:53 : 
2021-03-11 09:24:53 Erreur: Erreur Mysql contactAdd INSERT INTO  .`contact`
						(`firstname`,`name`, `email`, `firstname`,`password`,`newsletter`,`fromgoldbook`,`fromcontact`)
						VALUES (
                        'Isabel',
						'AlVAREZ',
						'fjavnzalez@gmail.com',
						'',
						'3w0h6',
						0,
						1,
						0
					);
2021-03-11 09:26:46 : ----GOLDBOOK---- 
2021-03-11 09:26:46 : 11/03/2021
2021-03-11 09:26:46 : AlVAREZ
2021-03-11 09:26:46 : Isabel
2021-03-11 09:26:46 : fjavnzalez@gmail.com
2021-03-11 09:26:46 : C'est un test de message 
2021-03-11 09:26:46 : sendMail
2021-03-11 09:26:46 : 
2021-03-11 09:26:46 : INSERT INTO  .`contact`
						(`firstname`,`name`, `email`, `firstname`,`password`,`newsletter`,`fromgoldbook`,`fromcontact`)
						VALUES (
                        'Isabel',
						'AlVAREZ',
						'fjavnzalez@gmail.com',
						'',
						'wtwt3',
						0,
						1,
						0
					);
2021-03-11 09:26:46 Erreur: Erreur Mysql contactAdd INSERT INTO  .`contact`
						(`firstname`,`name`, `email`, `firstname`,`password`,`newsletter`,`fromgoldbook`,`fromcontact`)
						VALUES (
                        'Isabel',
						'AlVAREZ',
						'fjavnzalez@gmail.com',
						'',
						'wtwt3',
						0,
						1,
						0
					);
2021-03-11 09:28:15 : ----GOLDBOOK---- 
2021-03-11 09:28:15 : 11/03/2021
2021-03-11 09:28:15 : AlVAREZ
2021-03-11 09:28:15 : Isabel
2021-03-11 09:28:15 : fjavnzalez@gmail.com
2021-03-11 09:28:15 : C'est un test de message 
2021-03-11 09:28:15 : sendMail
2021-03-11 09:28:15 : 
2021-03-11 09:28:15 Erreur: Erreur Mysql contactAdd INSERT INTO  .`contact`
						(`firstname`,`name`, `email`, `firstname`,`password`,`newsletter`,`fromgoldbook`,`fromcontact`)
						VALUES (
                        'Isabel',
						'AlVAREZ',
						'fjavnzalez@gmail.com',
						'',
						'YQYNy',
						0,
						1,
						0
					);
2021-03-11 09:28:42 : ----GOLDBOOK---- 
2021-03-11 09:28:42 : 11/03/2021
2021-03-11 09:28:42 : AlVAREZ
2021-03-11 09:28:42 : Isabel
2021-03-11 09:28:42 : fjavnzalez@gmail.com
2021-03-11 09:28:42 : C'est un test de message 
2021-03-11 09:28:42 : sendMail
2021-03-11 09:28:42 : 
2021-03-11 09:28:42 Erreur: Erreur Mysql contactAdd INSERT INTO  .`contact`
						(`firstname`,`name`, `email`, `firstname`,`password`,`newsletter`,`fromgoldbook`,`fromcontact`)
						VALUES (
                        'Isabel',
						'AlVAREZ',
						'fjavnzalez@gmail.com',
						'',
						'qPtuI',
						0,
						1,
						0
					);
2021-03-11 09:29:15 : ----GOLDBOOK---- 
2021-03-11 09:29:15 : 11/03/2021
2021-03-11 09:29:15 : AlVAREZ
2021-03-11 09:29:15 : Isabel
2021-03-11 09:29:15 : fjavnzalez@gmail.com
2021-03-11 09:29:15 : C'est un test de message 
2021-03-11 09:29:15 : sendMail
2021-03-11 09:29:15 : 
2021-03-11 09:29:15 : Message envoyé ! 
2021-03-11 09:29:15 xxxxxxxxxxxxxxxxxxxxxxxxxxxxxxxxxxxxxxxxxxxx  
2021-03-11 09:30:09 : ----GOLDBOOK---- 
2021-03-11 09:30:09 : 11/03/2021
2021-03-11 09:30:09 : AlVAREZ
2021-03-11 09:30:09 : Isabel
2021-03-11 09:30:09 : fjavnzalez@gmail.com
2021-03-11 09:30:09 : C'est un test de message 
2021-03-11 09:30:09 : sendMail
2021-03-11 09:30:09 : 
2021-03-11 09:30:09 : Message envoyé ! 
2021-03-11 09:30:09 xxxxxxxxxxxxxxxxxxxxxxxxxxxxxxxxxxxxxxxxxxxx  
2021-03-11 09:30:45 : ----GOLDBOOK---- 
2021-03-11 09:30:45 : 11/03/2021
2021-03-11 09:30:45 : Gonzalez
2021-03-11 09:30:45 : Gregorio
2021-03-11 09:30:45 : fjavi.gonzalez@gmail.ee
2021-03-11 09:30:45 : sdsdfsdfs
2021-03-11 09:30:45 : sendMail
2021-03-11 09:30:45 : 
2021-03-11 09:30:45 : Message envoyé ! 
2021-03-11 09:30:45 xxxxxxxxxxxxxxxxxxxxxxxxxxxxxxxxxxxxxxxxxxxx  
2021-04-11 13:45:01 : /admin/fileman2/php/upload.php
2021-04-11 13:45:01 : /Applications/XAMPP/xamppfiles/htdocs/edenblue.frthumbs/Screenshot_2021_04_11_at_15.44.20.png
2021-04-11 13:45:01 : /admin/fileman2/php/upload.php
2021-04-11 13:45:01 : /Applications/XAMPP/xamppfiles/htdocs/edenblue.frthumbs/Screenshot_2021_04_11_at_15.44.11.png
2021-04-11 13:45:01 : /admin/fileman2/php/upload.php
2021-04-11 13:45:01 : /Applications/XAMPP/xamppfiles/htdocs/edenblue.frthumbs/Screenshot_2021_04_11_at_15.44.03.png
2021-04-12 18:27:36 : ----GOLDBOOK---- 
2021-04-12 18:27:36 : 12/04/2021
2021-04-12 18:27:36 : AlVAREZ
2021-04-12 18:27:36 : Isabel
2021-04-12 18:27:36 : fjavi.gonzalez@gmail.com
2021-04-12 18:27:36 : kjghh k
2021-04-12 18:27:36 : sendMail
2021-04-12 18:27:36 : 
2021-04-12 18:27:36 : Array
2021-04-12 18:27:36 : Message envoyé ! 
2021-04-12 18:27:36 xxxxxxxxxxxxxxxxxxxxxxxxxxxxxxxxxxxxxxxxxxxx  
2021-04-12 18:28:00 : ----GOLDBOOK---- 
2021-04-12 18:28:00 : 12/04/2021
2021-04-12 18:28:00 : de Bordeaux
2021-04-12 18:28:00 : route
2021-04-12 18:28:00 : isa.alvarez.fernandez@gmail.com
2021-04-12 18:28:00 : iygvy u
2021-04-12 18:28:00 : sendMail
2021-04-12 18:28:00 : 
2021-04-12 18:28:00 : Array
2021-04-12 18:28:00 : Message envoyé ! 
2021-04-12 18:28:00 xxxxxxxxxxxxxxxxxxxxxxxxxxxxxxxxxxxxxxxxxxxx  
2021-04-12 18:28:33 : ----GOLDBOOK---- 
2021-04-12 18:28:33 : 12/04/2021
2021-04-12 18:28:33 : GONZALEZ
2021-04-12 18:28:33 : XAVIER
2021-04-12 18:28:33 : zalez@gmail.com
2021-04-12 18:28:33 : iu y uyh i
2021-04-12 18:28:33 : sendMail
2021-04-12 18:28:33 : 
2021-04-12 18:28:33 : Message envoyé ! 
2021-04-12 18:28:33 xxxxxxxxxxxxxxxxxxxxxxxxxxxxxxxxxxxxxxxxxxxx  
2021-04-12 18:29:37 : ----GOLDBOOK---- 
2021-04-12 18:29:37 : 12/04/2021
2021-04-12 18:29:37 : GONZALEZ
2021-04-12 18:29:37 : Gregorio
2021-04-12 18:29:37 : zalz@gmail.com
2021-04-12 18:29:37 : hgjhg

2021-04-12 18:29:37 : sendMail
2021-04-12 18:29:37 : 
2021-04-12 18:29:37 : Message envoyé ! 
2021-04-12 18:29:37 xxxxxxxxxxxxxxxxxxxxxxxxxxxxxxxxxxxxxxxxxxxx  
2021-04-12 18:30:08 : ----GOLDBOOK---- 
2021-04-12 18:30:08 : 12/04/2021
2021-04-12 18:30:08 : guitare
2021-04-12 18:30:08 : Jhonny
2021-04-12 18:30:08 : fjavi.gonzalez@gmail.com
2021-04-12 18:30:08 : jjjj

2021-04-12 18:30:08 : sendMail
2021-04-12 18:30:08 : 
2021-04-12 18:30:08 : Jhonny guitare
2021-04-12 18:30:08 : Message envoyé ! 
2021-04-12 18:30:08 xxxxxxxxxxxxxxxxxxxxxxxxxxxxxxxxxxxxxxxxxxxx  
2021-04-12 18:31:54 : ----GOLDBOOK---- 
2021-04-12 18:31:54 : 12/04/2021
2021-04-12 18:31:54 : GONZALEZ
2021-04-12 18:31:54 : Gregorio
2021-04-12 18:31:54 : zalz@gmail.com
2021-04-12 18:31:54 : dazdazda
2021-04-12 18:31:54 : sendMail
2021-04-12 18:31:54 : 
2021-04-12 18:31:54
2021-04-12 18:31:54 : Message envoyé ! 
2021-04-12 18:31:54 xxxxxxxxxxxxxxxxxxxxxxxxxxxxxxxxxxxxxxxxxxxx  
2021-04-12 18:32:54 : ----GOLDBOOK---- 
2021-04-12 18:32:54 : 12/04/2021
2021-04-12 18:32:54 : guitare
2021-04-12 18:32:54 : Jhonny
2021-04-12 18:32:54 : nzalez@gmail.com
2021-04-12 18:32:54 : dqdss
2021-04-12 18:32:54 : sendMail
2021-04-12 18:32:54 : 
2021-04-12 18:32:54 : xxxxxxx
2021-04-12 18:32:55 : Message envoyé ! 
2021-04-12 18:32:55 xxxxxxxxxxxxxxxxxxxxxxxxxxxxxxxxxxxxxxxxxxxx  
2021-04-12 18:33:23 : ----GOLDBOOK---- 
2021-04-12 18:33:23 : 12/04/2021
2021-04-12 18:33:23 : GONZALEZ
2021-04-12 18:33:23 : Gregorio
2021-04-12 18:33:23 : zalz@gmail.com
2021-04-12 18:33:23 : dqsdqsd
2021-04-12 18:33:23 : sendMail
2021-04-12 18:33:23 : 
2021-04-12 18:33:23 : Message envoyé ! 
2021-04-12 18:33:23 xxxxxxxxxxxxxxxxxxxxxxxxxxxxxxxxxxxxxxxxxxxx  
2021-04-12 18:33:41 : ----GOLDBOOK---- 
2021-04-12 18:33:41 : 12/04/2021
2021-04-12 18:33:41 : GONZALEZ
2021-04-12 18:33:41 : XAVIER
2021-04-12 18:33:41 : zalz@gmail.com
2021-04-12 18:33:41 : qsdqsdqd
2021-04-12 18:33:41 : sendMail
2021-04-12 18:33:41 : 
2021-04-12 18:33:41 : xxxdssdsdxxxx
2021-04-12 18:33:41 : Message envoyé ! 
2021-04-12 18:33:41 xxxxxxxxxxxxxxxxxxxxxxxxxxxxxxxxxxxxxxxxxxxx  
2021-04-12 18:34:25 : ----GOLDBOOK---- 
2021-04-12 18:34:25 : 12/04/2021
2021-04-12 18:34:25 : guitare
2021-04-12 18:34:25 : Jhonny
2021-04-12 18:34:25 : nzalez@gmail.com
2021-04-12 18:34:25 : qdqsdqsd
2021-04-12 18:34:25 : sendMail
2021-04-12 18:34:25 : 
2021-04-12 18:34:25 : XAV: Jhonny guitare
2021-04-12 18:34:25 : Message envoyé ! 
2021-04-12 18:34:25 xxxxxxxxxxxxxxxxxxxxxxxxxxxxxxxxxxxxxxxxxxxx  
2021-04-12 18:35:29 : ----GOLDBOOK---- 
2021-04-12 18:35:29 : 12/04/2021
2021-04-12 18:35:29 : guitare
2021-04-12 18:35:29 : Jhonny
2021-04-12 18:35:29 : fjavi.gonzalez@gmail.com
2021-04-12 18:35:29 : sdfsfsd
2021-04-12 18:35:29 : sendMail
2021-04-12 18:35:29 : 
2021-04-12 18:35:29 : XAV: Jhonny guitare
2021-04-12 18:35:29 : Message envoyé ! 
2021-04-12 18:35:29 xxxxxxxxxxxxxxxxxxxxxxxxxxxxxxxxxxxxxxxxxxxx  
2021-04-12 18:37:29 : ----GOLDBOOK---- 
2021-04-12 18:37:29 : 12/04/2021
2021-04-12 18:37:29 : Gonzalez
2021-04-12 18:37:29 : Gregorio
2021-04-12 18:37:29 : fjavi.gonzalez@gmail.com
2021-04-12 18:37:29 : sdgsgfd
2021-04-12 18:37:29 : sendMail
2021-04-12 18:37:29 : 
2021-04-12 18:37:29 : XAV: Gregorio Gonzalez
2021-04-12 18:37:29 : Message envoyé ! 
2021-04-12 18:37:29 xxxxxxxxxxxxxxxxxxxxxxxxxxxxxxxxxxxxxxxxxxxx  
2021-04-12 18:38:29 : ----GOLDBOOK---- 
2021-04-12 18:38:29 : 12/04/2021
2021-04-12 18:38:29 : AlVAREZ
2021-04-12 18:38:29 : Isabel
2021-04-12 18:38:29 : fjavi.gonzalez@gmail.com
2021-04-12 18:38:29 : zzrzezrz
2021-04-12 18:38:29 : sendMail
2021-04-12 18:38:29 : 
2021-04-12 18:38:29 : XAV: 
2021-04-12 18:38:29 : Message envoyé ! 
2021-04-12 18:38:29 xxxxxxxxxxxxxxxxxxxxxxxxxxxxxxxxxxxxxxxxxxxx  
2021-04-12 19:05:54 : sendMail
2021-04-12 19:05:54 : 
2021-04-12 19:05:54 : 
2021-04-12 19:05:54 : 
2021-04-12 19:05:54 : 
2021-04-12 19:05:54 : 
2021-04-12 19:05:54 : 
2021-04-12 19:05:54 : 
2021-04-12 19:05:54 : Message envoyé ! 
2021-04-12 19:05:54 xxxxxxxxxxxxxxxxxxxxxxxxxxxxxxxxxxxxxxxxxxxx  
2021-04-12 19:05:56 : sendMail
2021-04-12 19:05:56 : 
2021-04-12 19:05:56 : 
2021-04-12 19:05:56 : 
2021-04-12 19:05:56 : 
2021-04-12 19:05:56 : 
2021-04-12 19:05:56 : 
2021-04-12 19:05:56 : 
2021-04-12 19:05:56 : Message envoyé ! 
2021-04-12 19:05:56 xxxxxxxxxxxxxxxxxxxxxxxxxxxxxxxxxxxxxxxxxxxx  
2021-04-12 19:05:56 : sendMail
2021-04-12 19:05:56 : 
2021-04-12 19:05:56 : 
2021-04-12 19:05:56 : 
2021-04-12 19:05:56 : 
2021-04-12 19:05:56 : 
2021-04-12 19:05:56 : 
2021-04-12 19:05:56 : 
2021-04-12 19:05:56 : Message envoyé ! 
2021-04-12 19:05:56 xxxxxxxxxxxxxxxxxxxxxxxxxxxxxxxxxxxxxxxxxxxx  
2021-04-12 19:08:18 : sendMail
2021-04-12 19:08:18 : 
2021-04-12 19:08:18 : 
2021-04-12 19:08:18 : fjavi.gonza@ail.com
2021-04-12 19:08:18 : 0681731870
2021-04-12 19:08:18 : 
2021-04-12 19:08:18 : 
2021-04-12 19:08:18 : 
2021-04-12 19:08:18 : Message envoyé ! 
2021-04-12 19:08:18 xxxxxxxxxxxxxxxxxxxxxxxxxxxxxxxxxxxxxxxxxxxx  
2021-04-12 19:08:40 : sendMail
2021-04-12 19:08:40 : 
2021-04-12 19:08:40 : 
2021-04-12 19:08:40 : fjavi.gonza@ail.com
2021-04-12 19:08:40 : 0681731870
2021-04-12 19:08:40 : 
2021-04-12 19:08:40 : 
2021-04-12 19:08:40 : 
2021-04-12 19:08:40 : Message envoyé ! 
2021-04-12 19:08:40 xxxxxxxxxxxxxxxxxxxxxxxxxxxxxxxxxxxxxxxxxxxx  
2021-04-12 19:08:41 : sendMail
2021-04-12 19:08:41 : 
2021-04-12 19:08:41 : 
2021-04-12 19:08:41 : fjavi.gonza@ail.com
2021-04-12 19:08:41 : 0681731870
2021-04-12 19:08:41 : 
2021-04-12 19:08:41 : 
2021-04-12 19:08:41 : 
2021-04-12 19:08:41 : Message envoyé ! 
2021-04-12 19:08:41 xxxxxxxxxxxxxxxxxxxxxxxxxxxxxxxxxxxxxxxxxxxx  
2021-04-12 19:08:41 : sendMail
2021-04-12 19:08:41 : 
2021-04-12 19:08:41 : 
2021-04-12 19:08:41 : fjavi.gonza@ail.com
2021-04-12 19:08:41 : 0681731870
2021-04-12 19:08:41 : 
2021-04-12 19:08:41 : 
2021-04-12 19:08:41 : 
2021-04-12 19:08:41 : Message envoyé ! 
2021-04-12 19:08:41 xxxxxxxxxxxxxxxxxxxxxxxxxxxxxxxxxxxxxxxxxxxx  
2021-04-13 11:59:00 : sendMail
2021-04-13 11:59:00 : 
2021-04-13 11:59:00 : 
2021-04-13 11:59:00 : sdfsdfs@rdfdfgd
2021-04-13 11:59:00 : 
2021-04-13 11:59:00 : 
2021-04-13 11:59:00 : 
2021-04-13 11:59:00 : 
2021-04-13 11:59:00 : Message envoyé ! 
2021-04-13 11:59:00 xxxxxxxxxxxxxxxxxxxxxxxxxxxxxxxxxxxxxxxxxxxx  
2021-04-13 11:59:30 : sendMail
2021-04-13 11:59:30 : 
2021-04-13 11:59:30 : 
2021-04-13 11:59:30 : sdfsdfs@rdfdfgd
2021-04-13 11:59:30 : 
2021-04-13 11:59:30 : 
2021-04-13 11:59:30 : 
2021-04-13 11:59:30 : 
2021-04-13 11:59:30 : Message envoyé ! 
2021-04-13 11:59:30 xxxxxxxxxxxxxxxxxxxxxxxxxxxxxxxxxxxxxxxxxxxx  
2021-04-13 11:59:31 : sendMail
2021-04-13 11:59:31 : 
2021-04-13 11:59:31 : 
2021-04-13 11:59:31 : sdfsdfs@rdfdfgd
2021-04-13 11:59:31 : 
2021-04-13 11:59:31 : 
2021-04-13 11:59:31 : 
2021-04-13 11:59:31 : 
2021-04-13 11:59:31 : Message envoyé ! 
2021-04-13 11:59:31 xxxxxxxxxxxxxxxxxxxxxxxxxxxxxxxxxxxxxxxxxxxx  
2021-04-13 11:59:36 : sendMail
2021-04-13 11:59:36 : 
2021-04-13 11:59:36 : 
2021-04-13 11:59:36 : nzalez@gmail.com
2021-04-13 11:59:36 : +33681731870
2021-04-13 11:59:36 : 
2021-04-13 11:59:36 : 
2021-04-13 11:59:36 : 
2021-04-13 11:59:36 : Message envoyé ! 
2021-04-13 11:59:36 xxxxxxxxxxxxxxxxxxxxxxxxxxxxxxxxxxxxxxxxxxxx  
2021-04-13 12:00:04 : sendMail
2021-04-13 12:00:04 : 
2021-04-13 12:00:04 : 
2021-04-13 12:00:04 : zalz@gmail.com
2021-04-13 12:00:04 : 0681731870
2021-04-13 12:00:04 : 
2021-04-13 12:00:04 : 
2021-04-13 12:00:04 : 
2021-04-13 12:00:04 : Message envoyé ! 
2021-04-13 12:00:04 xxxxxxxxxxxxxxxxxxxxxxxxxxxxxxxxxxxxxxxxxxxx  
2021-04-13 12:00:20 : sendMail
2021-04-13 12:00:20 : 
2021-04-13 12:00:20 : 
2021-04-13 12:00:20 : nzalez@gmail.com
2021-04-13 12:00:20 : +33681731870
2021-04-13 12:00:20 : 
2021-04-13 12:00:20 : 
2021-04-13 12:00:20 : 
2021-04-13 12:00:20 : Message envoyé ! 
2021-04-13 12:00:20 xxxxxxxxxxxxxxxxxxxxxxxxxxxxxxxxxxxxxxxxxxxx  
2021-04-13 12:00:55 : sendMail
2021-04-13 12:00:55 : 
2021-04-13 12:00:55 : 
2021-04-13 12:00:55 : zalz@gmail.com
2021-04-13 12:00:55 : 0681731870
2021-04-13 12:00:55 : 
2021-04-13 12:00:55 : 
2021-04-13 12:00:55 : 
2021-04-13 12:00:55 : Message envoyé ! 
2021-04-13 12:00:55 xxxxxxxxxxxxxxxxxxxxxxxxxxxxxxxxxxxxxxxxxxxx  
2021-04-13 12:01:44 : sendMail
2021-04-13 12:01:44 : 
2021-04-13 12:01:44 : 
2021-04-13 12:01:44 : fjavi.gonzalez@gmail.com
2021-04-13 12:01:44 : +33681731870
2021-04-13 12:01:44 : 
2021-04-13 12:01:44 : 
2021-04-13 12:01:44 : 
2021-04-13 12:01:44 : Message envoyé ! 
2021-04-13 12:01:44 xxxxxxxxxxxxxxxxxxxxxxxxxxxxxxxxxxxxxxxxxxxx  
2021-04-13 12:02:45 : sendMail
2021-04-13 12:02:45 : 
2021-04-13 12:02:45 : 
2021-04-13 12:02:45 : fjavi.gonzalez@gmail.com
2021-04-13 12:02:45 : +33681731870
2021-04-13 12:02:45 : 
2021-04-13 12:02:45 : 
2021-04-13 12:02:45 : 
2021-04-13 12:02:45 : Message envoyé ! 
2021-04-13 12:02:45 xxxxxxxxxxxxxxxxxxxxxxxxxxxxxxxxxxxxxxxxxxxx  
2021-04-13 12:03:33 : sendMail
2021-04-13 12:03:33 : 
2021-04-13 12:03:33 : 
2021-04-13 12:03:33 : fjavi.gonzalez@gmail.com
2021-04-13 12:03:33 : +33681731870
2021-04-13 12:03:33 : 
2021-04-13 12:03:33 : 
2021-04-13 12:03:33 : 
2021-04-13 12:03:33 : Message envoyé ! 
2021-04-13 12:03:33 xxxxxxxxxxxxxxxxxxxxxxxxxxxxxxxxxxxxxxxxxxxx  
2021-04-13 12:03:50 : sendMail
2021-04-13 12:03:50 : 
2021-04-13 12:03:50 : 
2021-04-13 12:03:50 : fjavi.gonzalez@gmail.com
2021-04-13 12:03:50 : +33681731870
2021-04-13 12:03:50 : 
2021-04-13 12:03:50 : 
2021-04-13 12:03:50 : 
2021-04-13 12:03:50 : Message envoyé ! 
2021-04-13 12:03:50 xxxxxxxxxxxxxxxxxxxxxxxxxxxxxxxxxxxxxxxxxxxx  
2021-04-13 12:08:44 : sendMail
2021-04-13 12:08:44 : 
2021-04-13 12:08:44 : 
2021-04-13 12:08:44 : fjavi.gonzalez@gmail.com
2021-04-13 12:08:44 : +33681731870
2021-04-13 12:08:44 : 
2021-04-13 12:08:44 : 
2021-04-13 12:08:44 : 
2021-04-13 12:08:44 : Message envoyé ! 
2021-04-13 12:08:44 xxxxxxxxxxxxxxxxxxxxxxxxxxxxxxxxxxxxxxxxxxxx  
2021-04-13 12:10:51 xxxxxxxxxxx/Applications/XAMPP/xamppfiles/htdocs/edenblue.fr/ajax/contact.phpxxxxxxxxxxx  
2021-04-13 12:10:51 : sendMail
2021-04-13 12:10:51 : 
2021-04-13 12:10:51 : 
2021-04-13 12:10:52 : fjavi.gonzalez@gmail.com
2021-04-13 12:10:52 : +33681731870
2021-04-13 12:10:52 : 
2021-04-13 12:10:52 : 
2021-04-13 12:10:52 : 
2021-04-13 12:10:52 : Message envoyé ! 
2021-04-13 12:10:52 xxxxxxxxxxxxxxxxxxxxxxxxxxxxxxxxxxxxxxxxxxxx  
